{"E:\\Kartikey A Dhale\\Projects\\VoteGuide-AI\\src\\App.jsx": {"path":"E:\\Kartikey A Dhale\\Projects\\VoteGuide-AI\\src\\App.jsx","statementMap":{"0":{"start":{"line":5,"column":6},"end":{"line":5,"column":null}},"1":{"start":{"line":5,"column":24},"end":{"line":5,"column":null}},"2":{"start":{"line":6,"column":6},"end":{"line":6,"column":null}},"3":{"start":{"line":6,"column":28},"end":{"line":6,"column":null}},"4":{"start":{"line":7,"column":6},"end":{"line":7,"column":null}},"5":{"start":{"line":7,"column":40},"end":{"line":7,"column":null}},"6":{"start":{"line":8,"column":6},"end":{"line":8,"column":null}},"7":{"start":{"line":8,"column":31},"end":{"line":8,"column":null}},"8":{"start":{"line":9,"column":6},"end":{"line":9,"column":null}},"9":{"start":{"line":9,"column":33},"end":{"line":9,"column":null}},"10":{"start":{"line":12,"column":2},"end":{"line":23,"column":null}}},"fnMap":{"0":{"name":"(anonymous_0)","decl":{"start":{"line":5,"column":13},"end":{"line":5,"column":24}},"loc":{"start":{"line":5,"column":24},"end":{"line":5,"column":null}},"line":5},"1":{"name":"(anonymous_1)","decl":{"start":{"line":6,"column":17},"end":{"line":6,"column":28}},"loc":{"start":{"line":6,"column":28},"end":{"line":6,"column":null}},"line":6},"2":{"name":"(anonymous_2)","decl":{"start":{"line":7,"column":29},"end":{"line":7,"column":40}},"loc":{"start":{"line":7,"column":40},"end":{"line":7,"column":null}},"line":7},"3":{"name":"(anonymous_3)","decl":{"start":{"line":8,"column":20},"end":{"line":8,"column":31}},"loc":{"start":{"line":8,"column":31},"end":{"line":8,"column":null}},"line":8},"4":{"name":"(anonymous_4)","decl":{"start":{"line":9,"column":22},"end":{"line":9,"column":33}},"loc":{"start":{"line":9,"column":33},"end":{"line":9,"column":null}},"line":9},"5":{"name":"App","decl":{"start":{"line":11,"column":9},"end":{"line":11,"column":15}},"loc":{"start":{"line":11,"column":15},"end":{"line":23,"column":null}},"line":11}},"branchMap":{},"s":{"0":1,"1":1,"2":1,"3":0,"4":1,"5":0,"6":1,"7":0,"8":1,"9":0,"10":1},"f":{"0":1,"1":0,"2":0,"3":0,"4":0,"5":1},"b":{},"meta":{"lastBranch":0,"lastFunction":6,"lastStatement":11,"seen":{"s:5:6:5:Infinity":0,"f:5:13:5:24":0,"s:5:24:5:Infinity":1,"s:6:6:6:Infinity":2,"f:6:17:6:28":1,"s:6:28:6:Infinity":3,"s:7:6:7:Infinity":4,"f:7:29:7:40":2,"s:7:40:7:Infinity":5,"s:8:6:8:Infinity":6,"f:8:20:8:31":3,"s:8:31:8:Infinity":7,"s:9:6:9:Infinity":8,"f:9:22:9:33":4,"s:9:33:9:Infinity":9,"f:11:9:11:15":5,"s:12:2:23:Infinity":10}}}
,"E:\\Kartikey A Dhale\\Projects\\VoteGuide-AI\\src\\i18n.js": {"path":"E:\\Kartikey A Dhale\\Projects\\VoteGuide-AI\\src\\i18n.js","statementMap":{"0":{"start":{"line":4,"column":18},"end":{"line":260,"column":null}},"1":{"start":{"line":262,"column":0},"end":{"line":270,"column":null}}},"fnMap":{},"branchMap":{},"s":{"0":0,"1":0},"f":{},"b":{},"meta":{"lastBranch":0,"lastFunction":0,"lastStatement":2,"seen":{"s:4:18:260:Infinity":0,"s:262:0:270:Infinity":1}}}
,"E:\\Kartikey A Dhale\\Projects\\VoteGuide-AI\\src\\components\\Layout.jsx": {"path":"E:\\Kartikey A Dhale\\Projects\\VoteGuide-AI\\src\\components\\Layout.jsx","statementMap":{"0":{"start":{"line":5,"column":6},"end":{"line":14,"column":null}},"1":{"start":{"line":6,"column":2},"end":{"line":14,"column":null}}},"fnMap":{"0":{"name":"(anonymous_0)","decl":{"start":{"line":5,"column":6},"end":{"line":5,"column":21}},"loc":{"start":{"line":5,"column":21},"end":{"line":14,"column":null}},"line":5}},"branchMap":{},"s":{"0":1,"1":3},"f":{"0":3},"b":{},"meta":{"lastBranch":0,"lastFunction":1,"lastStatement":2,"seen":{"s:5:6:14:Infinity":0,"f:5:6:5:21":0,"s:6:2:14:Infinity":1}}}
,"E:\\Kartikey A Dhale\\Projects\\VoteGuide-AI\\src\\components\\Navigation.jsx": {"path":"E:\\Kartikey A Dhale\\Projects\\VoteGuide-AI\\src\\components\\Navigation.jsx","statementMap":{"0":{"start":{"line":8,"column":6},"end":{"line":73,"column":null}},"1":{"start":{"line":9,"column":13},"end":{"line":9,"column":38}},"2":{"start":{"line":10,"column":15},"end":{"line":10,"column":40}},"3":{"start":{"line":11,"column":16},"end":{"line":11,"column":77}},"4":{"start":{"line":13,"column":2},"end":{"line":16,"column":null}},"5":{"start":{"line":14,"column":4},"end":{"line":14,"column":null}},"6":{"start":{"line":15,"column":4},"end":{"line":15,"column":null}},"7":{"start":{"line":18,"column":8},"end":{"line":20,"column":8}},"8":{"start":{"line":19,"column":4},"end":{"line":19,"column":null}},"9":{"start":{"line":19,"column":21},"end":{"line":19,"column":56}},"10":{"start":{"line":22,"column":2},"end":{"line":27,"column":null}},"11":{"start":{"line":23,"column":10},"end":{"line":25,"column":null}},"12":{"start":{"line":24,"column":6},"end":{"line":24,"column":null}},"13":{"start":{"line":26,"column":4},"end":{"line":26,"column":null}},"14":{"start":{"line":26,"column":17},"end":{"line":26,"column":30}},"15":{"start":{"line":29,"column":8},"end":{"line":35,"column":8}},"16":{"start":{"line":30,"column":4},"end":{"line":33,"column":null}},"17":{"start":{"line":31,"column":6},"end":{"line":31,"column":null}},"18":{"start":{"line":33,"column":6},"end":{"line":33,"column":null}},"19":{"start":{"line":37,"column":8},"end":{"line":39,"column":8}},"20":{"start":{"line":38,"column":4},"end":{"line":38,"column":null}},"21":{"start":{"line":41,"column":8},"end":{"line":43,"column":12}},"22":{"start":{"line":42,"column":4},"end":{"line":42,"column":null}},"23":{"start":{"line":45,"column":2},"end":{"line":73,"column":null}},"24":{"start":{"line":52,"column":53},"end":{"line":52,"column":80}},"25":{"start":{"line":53,"column":61},"end":{"line":53,"column":88}},"26":{"start":{"line":54,"column":62},"end":{"line":54,"column":89}}},"fnMap":{"0":{"name":"(anonymous_0)","decl":{"start":{"line":8,"column":6},"end":{"line":8,"column":25}},"loc":{"start":{"line":8,"column":25},"end":{"line":73,"column":null}},"line":8},"1":{"name":"(anonymous_1)","decl":{"start":{"line":13,"column":2},"end":{"line":13,"column":18}},"loc":{"start":{"line":13,"column":18},"end":{"line":16,"column":6}},"line":13},"2":{"name":"(anonymous_2)","decl":{"start":{"line":18,"column":22},"end":{"line":18,"column":40}},"loc":{"start":{"line":18,"column":40},"end":{"line":20,"column":7}},"line":18},"3":{"name":"(anonymous_3)","decl":{"start":{"line":19,"column":4},"end":{"line":19,"column":13}},"loc":{"start":{"line":19,"column":21},"end":{"line":19,"column":56}},"line":19},"4":{"name":"(anonymous_4)","decl":{"start":{"line":22,"column":2},"end":{"line":22,"column":18}},"loc":{"start":{"line":22,"column":18},"end":{"line":27,"column":7}},"line":22},"5":{"name":"(anonymous_5)","decl":{"start":{"line":23,"column":43},"end":{"line":23,"column":50}},"loc":{"start":{"line":23,"column":66},"end":{"line":25,"column":null}},"line":23},"6":{"name":"(anonymous_6)","decl":{"start":{"line":26,"column":4},"end":{"line":26,"column":17}},"loc":{"start":{"line":26,"column":17},"end":{"line":26,"column":30}},"line":26},"7":{"name":"(anonymous_7)","decl":{"start":{"line":29,"column":34},"end":{"line":29,"column":46}},"loc":{"start":{"line":29,"column":46},"end":{"line":35,"column":7}},"line":29},"8":{"name":"(anonymous_8)","decl":{"start":{"line":37,"column":35},"end":{"line":37,"column":47}},"loc":{"start":{"line":37,"column":47},"end":{"line":39,"column":7}},"line":37},"9":{"name":"(anonymous_9)","decl":{"start":{"line":41,"column":25},"end":{"line":41,"column":38}},"loc":{"start":{"line":41,"column":44},"end":{"line":43,"column":6}},"line":41},"10":{"name":"(anonymous_10)","decl":{"start":{"line":52,"column":24},"end":{"line":52,"column":36}},"loc":{"start":{"line":52,"column":53},"end":{"line":52,"column":80}},"line":52},"11":{"name":"(anonymous_11)","decl":{"start":{"line":53,"column":32},"end":{"line":53,"column":44}},"loc":{"start":{"line":53,"column":61},"end":{"line":53,"column":88}},"line":53},"12":{"name":"(anonymous_12)","decl":{"start":{"line":54,"column":33},"end":{"line":54,"column":45}},"loc":{"start":{"line":54,"column":62},"end":{"line":54,"column":89}},"line":54}},"branchMap":{"0":{"loc":{"start":{"line":11,"column":37},"end":{"line":11,"column":77}},"type":"binary-expr","locations":[{"start":{"line":11,"column":37},"end":{"line":11,"column":66}},{"start":{"line":11,"column":70},"end":{"line":11,"column":77}}],"line":11},"1":{"loc":{"start":{"line":19,"column":21},"end":{"line":19,"column":56}},"type":"cond-expr","locations":[{"start":{"line":19,"column":39},"end":{"line":19,"column":49}},{"start":{"line":19,"column":49},"end":{"line":19,"column":56}}],"line":19},"2":{"loc":{"start":{"line":52,"column":53},"end":{"line":52,"column":80}},"type":"cond-expr","locations":[{"start":{"line":52,"column":64},"end":{"line":52,"column":75}},{"start":{"line":52,"column":75},"end":{"line":52,"column":80}}],"line":52},"3":{"loc":{"start":{"line":53,"column":61},"end":{"line":53,"column":88}},"type":"cond-expr","locations":[{"start":{"line":53,"column":72},"end":{"line":53,"column":83}},{"start":{"line":53,"column":83},"end":{"line":53,"column":88}}],"line":53},"4":{"loc":{"start":{"line":54,"column":62},"end":{"line":54,"column":89}},"type":"cond-expr","locations":[{"start":{"line":54,"column":73},"end":{"line":54,"column":84}},{"start":{"line":54,"column":84},"end":{"line":54,"column":89}}],"line":54},"5":{"loc":{"start":{"line":58,"column":11},"end":{"line":58,"column":null}},"type":"cond-expr","locations":[{"start":{"line":58,"column":30},"end":{"line":58,"column":37}},{"start":{"line":58,"column":37},"end":{"line":58,"column":null}}],"line":58},"6":{"loc":{"start":{"line":67,"column":9},"end":{"line":73,"column":null}},"type":"cond-expr","locations":[{"start":{"line":68,"column":10},"end":{"line":73,"column":11}},{"start":{"line":73,"column":10},"end":{"line":73,"column":null}}],"line":67},"7":{"loc":{"start":{"line":69,"column":22},"end":{"line":69,"column":80}},"type":"binary-expr","locations":[{"start":{"line":69,"column":22},"end":{"line":69,"column":39}},{"start":{"line":69,"column":39},"end":{"line":69,"column":80}}],"line":69}},"s":{"0":2,"1":7,"2":7,"3":7,"4":7,"5":4,"6":4,"7":7,"8":1,"9":1,"10":7,"11":3,"12":3,"13":3,"14":3,"15":7,"16":0,"17":0,"18":0,"19":7,"20":0,"21":7,"22":0,"23":7,"24":6,"25":6,"26":6},"f":{"0":7,"1":4,"2":1,"3":1,"4":3,"5":3,"6":3,"7":0,"8":0,"9":0,"10":6,"11":6,"12":6},"b":{"0":[7,4],"1":[1,0],"2":[6,0],"3":[0,6],"4":[0,6],"5":[5,2],"6":[0,7],"7":[0,0]},"meta":{"lastBranch":8,"lastFunction":13,"lastStatement":27,"seen":{"s:8:6:73:Infinity":0,"f:8:6:8:25":0,"s:9:13:9:38":1,"s:10:15:10:40":2,"s:11:16:11:77":3,"b:11:37:11:66:11:70:11:77":0,"s:13:2:16:Infinity":4,"f:13:2:13:18":1,"s:14:4:14:Infinity":5,"s:15:4:15:Infinity":6,"s:18:8:20:8":7,"f:18:22:18:40":2,"s:19:4:19:Infinity":8,"f:19:4:19:13":3,"s:19:21:19:56":9,"b:19:39:19:49:19:49:19:56":1,"s:22:2:27:Infinity":10,"f:22:2:22:18":4,"s:23:10:25:Infinity":11,"f:23:43:23:50":5,"s:24:6:24:Infinity":12,"s:26:4:26:Infinity":13,"f:26:4:26:17":6,"s:26:17:26:30":14,"s:29:8:35:8":15,"f:29:34:29:46":7,"s:30:4:33:Infinity":16,"s:31:6:31:Infinity":17,"s:33:6:33:Infinity":18,"s:37:8:39:8":19,"f:37:35:37:47":8,"s:38:4:38:Infinity":20,"s:41:8:43:12":21,"f:41:25:41:38":9,"s:42:4:42:Infinity":22,"s:45:2:73:Infinity":23,"f:52:24:52:36":10,"s:52:53:52:80":24,"b:52:64:52:75:52:75:52:80":2,"f:53:32:53:44":11,"s:53:61:53:88":25,"b:53:72:53:83:53:83:53:88":3,"f:54:33:54:45":12,"s:54:62:54:89":26,"b:54:73:54:84:54:84:54:89":4,"b:58:30:58:37:58:37:58:Infinity":5,"b:68:10:73:11:73:10:73:Infinity":6,"b:69:22:69:39:69:39:69:80":7}}}
,"E:\\Kartikey A Dhale\\Projects\\VoteGuide-AI\\src\\pages\\Accessibility.jsx": {"path":"E:\\Kartikey A Dhale\\Projects\\VoteGuide-AI\\src\\pages\\Accessibility.jsx","statementMap":{"0":{"start":{"line":5,"column":6},"end":{"line":81,"column":null}},"1":{"start":{"line":6,"column":21},"end":{"line":6,"column":53}},"2":{"start":{"line":7,"column":13},"end":{"line":7,"column":38}},"3":{"start":{"line":10,"column":2},"end":{"line":14,"column":null}},"4":{"start":{"line":11,"column":4},"end":{"line":12,"column":null}},"5":{"start":{"line":12,"column":6},"end":{"line":12,"column":null}},"6":{"start":{"line":12,"column":34},"end":{"line":12,"column":null}},"7":{"start":{"line":16,"column":8},"end":{"line":39,"column":null}},"8":{"start":{"line":17,"column":4},"end":{"line":19,"column":null}},"9":{"start":{"line":18,"column":6},"end":{"line":18,"column":null}},"10":{"start":{"line":19,"column":6},"end":{"line":19,"column":null}},"11":{"start":{"line":22,"column":4},"end":{"line":39,"column":null}},"12":{"start":{"line":23,"column":6},"end":{"line":23,"column":null}},"13":{"start":{"line":24,"column":6},"end":{"line":24,"column":null}},"14":{"start":{"line":26,"column":26},"end":{"line":26,"column":null}},"15":{"start":{"line":28,"column":24},"end":{"line":28,"column":65}},"16":{"start":{"line":31,"column":6},"end":{"line":33,"column":null}},"17":{"start":{"line":31,"column":34},"end":{"line":31,"column":null}},"18":{"start":{"line":32,"column":15},"end":{"line":33,"column":null}},"19":{"start":{"line":32,"column":39},"end":{"line":32,"column":null}},"20":{"start":{"line":33,"column":11},"end":{"line":33,"column":null}},"21":{"start":{"line":35,"column":6},"end":{"line":35,"column":null}},"22":{"start":{"line":36,"column":6},"end":{"line":36,"column":null}},"23":{"start":{"line":36,"column":30},"end":{"line":36,"column":50}},"24":{"start":{"line":38,"column":6},"end":{"line":38,"column":null}},"25":{"start":{"line":39,"column":6},"end":{"line":39,"column":null}},"26":{"start":{"line":43,"column":2},"end":{"line":81,"column":null}}},"fnMap":{"0":{"name":"(anonymous_0)","decl":{"start":{"line":5,"column":6},"end":{"line":5,"column":28}},"loc":{"start":{"line":5,"column":28},"end":{"line":81,"column":null}},"line":5},"1":{"name":"(anonymous_1)","decl":{"start":{"line":10,"column":2},"end":{"line":10,"column":18}},"loc":{"start":{"line":10,"column":18},"end":{"line":14,"column":6}},"line":10},"2":{"name":"(anonymous_2)","decl":{"start":{"line":11,"column":4},"end":{"line":11,"column":17}},"loc":{"start":{"line":11,"column":17},"end":{"line":12,"column":null}},"line":11},"3":{"name":"(anonymous_3)","decl":{"start":{"line":16,"column":8},"end":{"line":16,"column":29}},"loc":{"start":{"line":16,"column":29},"end":{"line":39,"column":null}},"line":16},"4":{"name":"(anonymous_4)","decl":{"start":{"line":36,"column":16},"end":{"line":36,"column":30}},"loc":{"start":{"line":36,"column":30},"end":{"line":36,"column":50}},"line":36}},"branchMap":{"0":{"loc":{"start":{"line":12,"column":6},"end":{"line":12,"column":null}},"type":"if","locations":[{"start":{"line":12,"column":6},"end":{"line":12,"column":null}},{"start":{},"end":{}}],"line":12},"1":{"loc":{"start":{"line":17,"column":4},"end":{"line":19,"column":null}},"type":"if","locations":[{"start":{"line":17,"column":4},"end":{"line":19,"column":null}},{"start":{},"end":{}}],"line":17},"2":{"loc":{"start":{"line":22,"column":4},"end":{"line":39,"column":null}},"type":"if","locations":[{"start":{"line":22,"column":4},"end":{"line":39,"column":null}},{"start":{"line":25,"column":11},"end":{"line":39,"column":null}}],"line":22},"3":{"loc":{"start":{"line":31,"column":6},"end":{"line":33,"column":null}},"type":"if","locations":[{"start":{"line":31,"column":6},"end":{"line":33,"column":null}},{"start":{"line":32,"column":15},"end":{"line":33,"column":null}}],"line":31},"4":{"loc":{"start":{"line":32,"column":15},"end":{"line":33,"column":null}},"type":"if","locations":[{"start":{"line":32,"column":15},"end":{"line":33,"column":null}},{"start":{"line":33,"column":11},"end":{"line":33,"column":null}}],"line":32},"5":{"loc":{"start":{"line":55,"column":30},"end":{"line":55,"column":78}},"type":"cond-expr","locations":[{"start":{"line":55,"column":43},"end":{"line":55,"column":55}},{"start":{"line":55,"column":55},"end":{"line":55,"column":78}}],"line":55},"6":{"loc":{"start":{"line":57,"column":11},"end":{"line":57,"column":null}},"type":"cond-expr","locations":[{"start":{"line":57,"column":24},"end":{"line":57,"column":50}},{"start":{"line":57,"column":50},"end":{"line":57,"column":null}}],"line":57}},"s":{"0":1,"1":3,"2":3,"3":3,"4":2,"5":2,"6":1,"7":3,"8":1,"9":0,"10":0,"11":1,"12":0,"13":0,"14":1,"15":1,"16":1,"17":0,"18":1,"19":0,"20":1,"21":1,"22":1,"23":0,"24":1,"25":1,"26":3},"f":{"0":3,"1":2,"2":2,"3":1,"4":0},"b":{"0":[1,1],"1":[0,1],"2":[0,1],"3":[0,1],"4":[0,1],"5":[1,2],"6":[1,2]},"meta":{"lastBranch":7,"lastFunction":5,"lastStatement":27,"seen":{"s:5:6:81:Infinity":0,"f:5:6:5:28":0,"s:6:21:6:53":1,"s:7:13:7:38":2,"s:10:2:14:Infinity":3,"f:10:2:10:18":1,"s:11:4:12:Infinity":4,"f:11:4:11:17":2,"b:12:6:12:Infinity:undefined:undefined:undefined:undefined":0,"s:12:6:12:Infinity":5,"s:12:34:12:Infinity":6,"s:16:8:39:Infinity":7,"f:16:8:16:29":3,"b:17:4:19:Infinity:undefined:undefined:undefined:undefined":1,"s:17:4:19:Infinity":8,"s:18:6:18:Infinity":9,"s:19:6:19:Infinity":10,"b:22:4:39:Infinity:25:11:39:Infinity":2,"s:22:4:39:Infinity":11,"s:23:6:23:Infinity":12,"s:24:6:24:Infinity":13,"s:26:26:26:Infinity":14,"s:28:24:28:65":15,"b:31:6:33:Infinity:32:15:33:Infinity":3,"s:31:6:33:Infinity":16,"s:31:34:31:Infinity":17,"b:32:15:33:Infinity:33:11:33:Infinity":4,"s:32:15:33:Infinity":18,"s:32:39:32:Infinity":19,"s:33:11:33:Infinity":20,"s:35:6:35:Infinity":21,"s:36:6:36:Infinity":22,"f:36:16:36:30":4,"s:36:30:36:50":23,"s:38:6:38:Infinity":24,"s:39:6:39:Infinity":25,"s:43:2:81:Infinity":26,"b:55:43:55:55:55:55:55:78":5,"b:57:24:57:50:57:50:57:Infinity":6}}}
,"E:\\Kartikey A Dhale\\Projects\\VoteGuide-AI\\src\\pages\\DocumentRequirements.jsx": {"path":"E:\\Kartikey A Dhale\\Projects\\VoteGuide-AI\\src\\pages\\DocumentRequirements.jsx","statementMap":{"0":{"start":{"line":8,"column":6},"end":{"line":126,"column":null}},"1":{"start":{"line":9,"column":10},"end":{"line":9,"column":32}},"2":{"start":{"line":10,"column":22},"end":{"line":10,"column":55}},"3":{"start":{"line":11,"column":26},"end":{"line":11,"column":63}},"4":{"start":{"line":12,"column":19},"end":{"line":12,"column":49}},"5":{"start":{"line":13,"column":22},"end":{"line":13,"column":55}},"6":{"start":{"line":14,"column":15},"end":{"line":14,"column":40}},"7":{"start":{"line":16,"column":2},"end":{"line":35,"column":null}},"8":{"start":{"line":17,"column":10},"end":{"line":33,"column":null}},"9":{"start":{"line":18,"column":6},"end":{"line":18,"column":null}},"10":{"start":{"line":19,"column":6},"end":{"line":31,"column":null}},"11":{"start":{"line":20,"column":21},"end":{"line":20,"column":60}},"12":{"start":{"line":21,"column":8},"end":{"line":25,"column":null}},"13":{"start":{"line":22,"column":10},"end":{"line":22,"column":null}},"14":{"start":{"line":23,"column":10},"end":{"line":23,"column":null}},"15":{"start":{"line":24,"column":10},"end":{"line":24,"column":null}},"16":{"start":{"line":25,"column":10},"end":{"line":25,"column":null}},"17":{"start":{"line":28,"column":8},"end":{"line":28,"column":null}},"18":{"start":{"line":29,"column":8},"end":{"line":29,"column":null}},"19":{"start":{"line":30,"column":8},"end":{"line":30,"column":null}},"20":{"start":{"line":31,"column":8},"end":{"line":31,"column":null}},"21":{"start":{"line":34,"column":4},"end":{"line":34,"column":null}},"22":{"start":{"line":34,"column":17},"end":{"line":34,"column":30}},"23":{"start":{"line":39,"column":18},"end":{"line":39,"column":null}},"24":{"start":{"line":41,"column":2},"end":{"line":126,"column":null}},"25":{"start":{"line":67,"column":78},"end":{"line":67,"column":112}},"26":{"start":{"line":67,"column":112},"end":{"line":67,"column":215}},"27":{"start":{"line":67,"column":122},"end":{"line":67,"column":215}},"28":{"start":{"line":84,"column":82},"end":{"line":84,"column":120}},"29":{"start":{"line":84,"column":120},"end":{"line":84,"column":219}},"30":{"start":{"line":84,"column":130},"end":{"line":84,"column":219}},"31":{"start":{"line":102,"column":75},"end":{"line":102,"column":106}},"32":{"start":{"line":102,"column":106},"end":{"line":102,"column":212}},"33":{"start":{"line":102,"column":116},"end":{"line":102,"column":212}},"34":{"start":{"line":118,"column":78},"end":{"line":118,"column":112}},"35":{"start":{"line":118,"column":112},"end":{"line":118,"column":215}},"36":{"start":{"line":118,"column":122},"end":{"line":118,"column":215}}},"fnMap":{"0":{"name":"(anonymous_0)","decl":{"start":{"line":8,"column":6},"end":{"line":8,"column":35}},"loc":{"start":{"line":8,"column":35},"end":{"line":126,"column":null}},"line":8},"1":{"name":"(anonymous_1)","decl":{"start":{"line":16,"column":2},"end":{"line":16,"column":18}},"loc":{"start":{"line":16,"column":18},"end":{"line":35,"column":7}},"line":16},"2":{"name":"(anonymous_2)","decl":{"start":{"line":17,"column":49},"end":{"line":17,"column":56}},"loc":{"start":{"line":17,"column":72},"end":{"line":33,"column":null}},"line":17},"3":{"name":"(anonymous_3)","decl":{"start":{"line":34,"column":4},"end":{"line":34,"column":17}},"loc":{"start":{"line":34,"column":17},"end":{"line":34,"column":30}},"line":34},"4":{"name":"(anonymous_4)","decl":{"start":{"line":67,"column":59},"end":{"line":67,"column":70}},"loc":{"start":{"line":67,"column":76},"end":{"line":67,"column":215}},"line":67},"5":{"name":"(anonymous_5)","decl":{"start":{"line":84,"column":63},"end":{"line":84,"column":74}},"loc":{"start":{"line":84,"column":80},"end":{"line":84,"column":219}},"line":84},"6":{"name":"(anonymous_6)","decl":{"start":{"line":102,"column":56},"end":{"line":102,"column":67}},"loc":{"start":{"line":102,"column":73},"end":{"line":102,"column":212}},"line":102},"7":{"name":"(anonymous_7)","decl":{"start":{"line":118,"column":59},"end":{"line":118,"column":70}},"loc":{"start":{"line":118,"column":76},"end":{"line":118,"column":215}},"line":118}},"branchMap":{"0":{"loc":{"start":{"line":19,"column":6},"end":{"line":31,"column":null}},"type":"if","locations":[{"start":{"line":19,"column":6},"end":{"line":31,"column":null}},{"start":{"line":27,"column":13},"end":{"line":31,"column":null}}],"line":19},"1":{"loc":{"start":{"line":21,"column":8},"end":{"line":25,"column":null}},"type":"if","locations":[{"start":{"line":21,"column":8},"end":{"line":25,"column":null}},{"start":{},"end":{}}],"line":21},"2":{"loc":{"start":{"line":21,"column":12},"end":{"line":21,"column":36}},"type":"binary-expr","locations":[{"start":{"line":21,"column":12},"end":{"line":21,"column":20}},{"start":{"line":21,"column":20},"end":{"line":21,"column":36}}],"line":21},"3":{"loc":{"start":{"line":22,"column":25},"end":{"line":22,"column":53}},"type":"binary-expr","locations":[{"start":{"line":22,"column":25},"end":{"line":22,"column":47}},{"start":{"line":22,"column":47},"end":{"line":22,"column":53}}],"line":22},"4":{"loc":{"start":{"line":23,"column":29},"end":{"line":23,"column":61}},"type":"binary-expr","locations":[{"start":{"line":23,"column":29},"end":{"line":23,"column":55}},{"start":{"line":23,"column":55},"end":{"line":23,"column":61}}],"line":23},"5":{"loc":{"start":{"line":24,"column":22},"end":{"line":24,"column":52}},"type":"binary-expr","locations":[{"start":{"line":24,"column":22},"end":{"line":24,"column":46}},{"start":{"line":24,"column":46},"end":{"line":24,"column":52}}],"line":24},"6":{"loc":{"start":{"line":25,"column":25},"end":{"line":25,"column":58}},"type":"binary-expr","locations":[{"start":{"line":25,"column":25},"end":{"line":25,"column":52}},{"start":{"line":25,"column":52},"end":{"line":25,"column":58}}],"line":25},"7":{"loc":{"start":{"line":39,"column":18},"end":{"line":39,"column":null}},"type":"binary-expr","locations":[{"start":{"line":39,"column":18},"end":{"line":39,"column":33}},{"start":{"line":39,"column":33},"end":{"line":39,"column":52}},{"start":{"line":39,"column":52},"end":{"line":39,"column":64}},{"start":{"line":39,"column":64},"end":{"line":39,"column":null}}],"line":39},"8":{"loc":{"start":{"line":51,"column":7},"end":{"line":54,"column":null}},"type":"binary-expr","locations":[{"start":{"line":51,"column":7},"end":{"line":51,"column":null}},{"start":{"line":52,"column":8},"end":{"line":54,"column":null}}],"line":51},"9":{"loc":{"start":{"line":67,"column":112},"end":{"line":67,"column":215}},"type":"if","locations":[{"start":{"line":67,"column":112},"end":{"line":67,"column":215}},{"start":{},"end":{}}],"line":67},"10":{"loc":{"start":{"line":84,"column":120},"end":{"line":84,"column":219}},"type":"if","locations":[{"start":{"line":84,"column":120},"end":{"line":84,"column":219}},{"start":{},"end":{}}],"line":84},"11":{"loc":{"start":{"line":102,"column":106},"end":{"line":102,"column":212}},"type":"if","locations":[{"start":{"line":102,"column":106},"end":{"line":102,"column":212}},{"start":{},"end":{}}],"line":102},"12":{"loc":{"start":{"line":118,"column":112},"end":{"line":118,"column":215}},"type":"if","locations":[{"start":{"line":118,"column":112},"end":{"line":118,"column":215}},{"start":{},"end":{}}],"line":118}},"s":{"0":1,"1":1,"2":1,"3":1,"4":1,"5":1,"6":1,"7":1,"8":1,"9":1,"10":1,"11":0,"12":0,"13":0,"14":0,"15":0,"16":0,"17":1,"18":1,"19":1,"20":1,"21":1,"22":1,"23":1,"24":1,"25":0,"26":0,"27":0,"28":0,"29":0,"30":0,"31":0,"32":0,"33":0,"34":0,"35":0,"36":0},"f":{"0":1,"1":1,"2":1,"3":1,"4":0,"5":0,"6":0,"7":0},"b":{"0":[0,1],"1":[0,0],"2":[0,0],"3":[0,0],"4":[0,0],"5":[0,0],"6":[0,0],"7":[1,0,0,0],"8":[1,0],"9":[0,0],"10":[0,0],"11":[0,0],"12":[0,0]},"meta":{"lastBranch":13,"lastFunction":8,"lastStatement":37,"seen":{"s:8:6:126:Infinity":0,"f:8:6:8:35":0,"s:9:10:9:32":1,"s:10:22:10:55":2,"s:11:26:11:63":3,"s:12:19:12:49":4,"s:13:22:13:55":5,"s:14:15:14:40":6,"s:16:2:35:Infinity":7,"f:16:2:16:18":1,"s:17:10:33:Infinity":8,"f:17:49:17:56":2,"s:18:6:18:Infinity":9,"b:19:6:31:Infinity:27:13:31:Infinity":0,"s:19:6:31:Infinity":10,"s:20:21:20:60":11,"b:21:8:25:Infinity:undefined:undefined:undefined:undefined":1,"s:21:8:25:Infinity":12,"b:21:12:21:20:21:20:21:36":2,"s:22:10:22:Infinity":13,"b:22:25:22:47:22:47:22:53":3,"s:23:10:23:Infinity":14,"b:23:29:23:55:23:55:23:61":4,"s:24:10:24:Infinity":15,"b:24:22:24:46:24:46:24:52":5,"s:25:10:25:Infinity":16,"b:25:25:25:52:25:52:25:58":6,"s:28:8:28:Infinity":17,"s:29:8:29:Infinity":18,"s:30:8:30:Infinity":19,"s:31:8:31:Infinity":20,"s:34:4:34:Infinity":21,"f:34:4:34:17":3,"s:34:17:34:30":22,"s:39:18:39:Infinity":23,"b:39:18:39:33:39:33:39:52:39:52:39:64:39:64:39:Infinity":7,"s:41:2:126:Infinity":24,"b:51:7:51:Infinity:52:8:54:Infinity":8,"f:67:59:67:70":4,"s:67:78:67:112":25,"b:67:112:67:215:undefined:undefined:undefined:undefined":9,"s:67:112:67:215":26,"s:67:122:67:215":27,"f:84:63:84:74":5,"s:84:82:84:120":28,"b:84:120:84:219:undefined:undefined:undefined:undefined":10,"s:84:120:84:219":29,"s:84:130:84:219":30,"f:102:56:102:67":6,"s:102:75:102:106":31,"b:102:106:102:212:undefined:undefined:undefined:undefined":11,"s:102:106:102:212":32,"s:102:116:102:212":33,"f:118:59:118:70":7,"s:118:78:118:112":34,"b:118:112:118:215:undefined:undefined:undefined:undefined":12,"s:118:112:118:215":35,"s:118:122:118:215":36}}}
,"E:\\Kartikey A Dhale\\Projects\\VoteGuide-AI\\src\\pages\\Eligibility.jsx": {"path":"E:\\Kartikey A Dhale\\Projects\\VoteGuide-AI\\src\\pages\\Eligibility.jsx","statementMap":{"0":{"start":{"line":4,"column":6},"end":{"line":61,"column":null}},"1":{"start":{"line":5,"column":14},"end":{"line":5,"column":36}},"2":{"start":{"line":6,"column":17},"end":{"line":6,"column":44}},"3":{"start":{"line":8,"column":8},"end":{"line":31,"column":null}},"4":{"start":{"line":9,"column":4},"end":{"line":9,"column":null}},"5":{"start":{"line":10,"column":4},"end":{"line":10,"column":null}},"6":{"start":{"line":10,"column":14},"end":{"line":10,"column":null}},"7":{"start":{"line":12,"column":22},"end":{"line":12,"column":35}},"8":{"start":{"line":14,"column":27},"end":{"line":14,"column":49}},"9":{"start":{"line":16,"column":14},"end":{"line":16,"column":68}},"10":{"start":{"line":17,"column":14},"end":{"line":17,"column":62}},"11":{"start":{"line":18,"column":4},"end":{"line":19,"column":null}},"12":{"start":{"line":19,"column":6},"end":{"line":19,"column":null}},"13":{"start":{"line":22,"column":4},"end":{"line":31,"column":null}},"14":{"start":{"line":23,"column":6},"end":{"line":26,"column":null}},"15":{"start":{"line":28,"column":6},"end":{"line":31,"column":null}},"16":{"start":{"line":35,"column":2},"end":{"line":61,"column":null}},"17":{"start":{"line":51,"column":29},"end":{"line":51,"column":51}}},"fnMap":{"0":{"name":"(anonymous_0)","decl":{"start":{"line":4,"column":6},"end":{"line":4,"column":26}},"loc":{"start":{"line":4,"column":26},"end":{"line":61,"column":null}},"line":4},"1":{"name":"(anonymous_1)","decl":{"start":{"line":8,"column":8},"end":{"line":8,"column":32}},"loc":{"start":{"line":8,"column":38},"end":{"line":31,"column":null}},"line":8},"2":{"name":"(anonymous_2)","decl":{"start":{"line":51,"column":12},"end":{"line":51,"column":23}},"loc":{"start":{"line":51,"column":29},"end":{"line":51,"column":51}},"line":51}},"branchMap":{"0":{"loc":{"start":{"line":10,"column":4},"end":{"line":10,"column":null}},"type":"if","locations":[{"start":{"line":10,"column":4},"end":{"line":10,"column":null}},{"start":{},"end":{}}],"line":10},"1":{"loc":{"start":{"line":18,"column":4},"end":{"line":19,"column":null}},"type":"if","locations":[{"start":{"line":18,"column":4},"end":{"line":19,"column":null}},{"start":{},"end":{}}],"line":18},"2":{"loc":{"start":{"line":18,"column":8},"end":{"line":18,"column":75}},"type":"binary-expr","locations":[{"start":{"line":18,"column":8},"end":{"line":18,"column":18}},{"start":{"line":18,"column":18},"end":{"line":18,"column":29}},{"start":{"line":18,"column":29},"end":{"line":18,"column":75}}],"line":18},"3":{"loc":{"start":{"line":22,"column":4},"end":{"line":31,"column":null}},"type":"if","locations":[{"start":{"line":22,"column":4},"end":{"line":31,"column":null}},{"start":{"line":27,"column":11},"end":{"line":31,"column":null}}],"line":22},"4":{"loc":{"start":{"line":58,"column":9},"end":{"line":61,"column":null}},"type":"binary-expr","locations":[{"start":{"line":58,"column":9},"end":{"line":58,"column":null}},{"start":{"line":59,"column":10},"end":{"line":61,"column":null}}],"line":58},"5":{"loc":{"start":{"line":59,"column":92},"end":{"line":59,"column":163}},"type":"cond-expr","locations":[{"start":{"line":59,"column":110},"end":{"line":59,"column":137}},{"start":{"line":59,"column":137},"end":{"line":59,"column":163}}],"line":59},"6":{"loc":{"start":{"line":59,"column":184},"end":{"line":59,"column":226}},"type":"cond-expr","locations":[{"start":{"line":59,"column":202},"end":{"line":59,"column":214}},{"start":{"line":59,"column":214},"end":{"line":59,"column":226}}],"line":59},"7":{"loc":{"start":{"line":60,"column":31},"end":{"line":60,"column":72}},"type":"cond-expr","locations":[{"start":{"line":60,"column":49},"end":{"line":60,"column":61}},{"start":{"line":60,"column":61},"end":{"line":60,"column":72}}],"line":60},"8":{"loc":{"start":{"line":60,"column":98},"end":{"line":60,"column":154}},"type":"cond-expr","locations":[{"start":{"line":60,"column":116},"end":{"line":60,"column":130}},{"start":{"line":60,"column":130},"end":{"line":60,"column":154}}],"line":60}},"s":{"0":1,"1":1,"2":1,"3":1,"4":0,"5":0,"6":0,"7":0,"8":0,"9":0,"10":0,"11":0,"12":0,"13":0,"14":0,"15":0,"16":1,"17":0},"f":{"0":1,"1":0,"2":0},"b":{"0":[0,0],"1":[0,0],"2":[0,0,0],"3":[0,0],"4":[1,0],"5":[0,0],"6":[0,0],"7":[0,0],"8":[0,0]},"meta":{"lastBranch":9,"lastFunction":3,"lastStatement":18,"seen":{"s:4:6:61:Infinity":0,"f:4:6:4:26":0,"s:5:14:5:36":1,"s:6:17:6:44":2,"s:8:8:31:Infinity":3,"f:8:8:8:32":1,"s:9:4:9:Infinity":4,"b:10:4:10:Infinity:undefined:undefined:undefined:undefined":0,"s:10:4:10:Infinity":5,"s:10:14:10:Infinity":6,"s:12:22:12:35":7,"s:14:27:14:49":8,"s:16:14:16:68":9,"s:17:14:17:62":10,"b:18:4:19:Infinity:undefined:undefined:undefined:undefined":1,"s:18:4:19:Infinity":11,"b:18:8:18:18:18:18:18:29:18:29:18:75":2,"s:19:6:19:Infinity":12,"b:22:4:31:Infinity:27:11:31:Infinity":3,"s:22:4:31:Infinity":13,"s:23:6:26:Infinity":14,"s:28:6:31:Infinity":15,"s:35:2:61:Infinity":16,"f:51:12:51:23":2,"s:51:29:51:51":17,"b:58:9:58:Infinity:59:10:61:Infinity":4,"b:59:110:59:137:59:137:59:163":5,"b:59:202:59:214:59:214:59:226":6,"b:60:49:60:61:60:61:60:72":7,"b:60:116:60:130:60:130:60:154":8}}}
,"E:\\Kartikey A Dhale\\Projects\\VoteGuide-AI\\src\\pages\\Home.jsx": {"path":"E:\\Kartikey A Dhale\\Projects\\VoteGuide-AI\\src\\pages\\Home.jsx","statementMap":{"0":{"start":{"line":5,"column":6},"end":{"line":42,"column":null}},"1":{"start":{"line":6,"column":10},"end":{"line":6,"column":32}},"2":{"start":{"line":7,"column":8},"end":{"line":7,"column":32}},"3":{"start":{"line":9,"column":2},"end":{"line":42,"column":null}},"4":{"start":{"line":20,"column":57},"end":{"line":20,"column":78}}},"fnMap":{"0":{"name":"(anonymous_0)","decl":{"start":{"line":5,"column":6},"end":{"line":5,"column":19}},"loc":{"start":{"line":5,"column":19},"end":{"line":42,"column":null}},"line":5},"1":{"name":"(anonymous_1)","decl":{"start":{"line":20,"column":42},"end":{"line":20,"column":57}},"loc":{"start":{"line":20,"column":57},"end":{"line":20,"column":78}},"line":20}},"branchMap":{},"s":{"0":2,"1":3,"2":3,"3":3,"4":0},"f":{"0":3,"1":0},"b":{},"meta":{"lastBranch":0,"lastFunction":2,"lastStatement":5,"seen":{"s:5:6:42:Infinity":0,"f:5:6:5:19":0,"s:6:10:6:32":1,"s:7:8:7:32":2,"s:9:2:42:Infinity":3,"f:20:42:20:57":1,"s:20:57:20:78":4}}}
,"E:\\Kartikey A Dhale\\Projects\\VoteGuide-AI\\src\\pages\\Timeline.jsx": {"path":"E:\\Kartikey A Dhale\\Projects\\VoteGuide-AI\\src\\pages\\Timeline.jsx","statementMap":{"0":{"start":{"line":9,"column":6},"end":{"line":118,"column":null}},"1":{"start":{"line":10,"column":10},"end":{"line":10,"column":32}},"2":{"start":{"line":11,"column":26},"end":{"line":11,"column":60}},"3":{"start":{"line":12,"column":15},"end":{"line":12,"column":40}},"4":{"start":{"line":14,"column":2},"end":{"line":27,"column":null}},"5":{"start":{"line":15,"column":10},"end":{"line":25,"column":null}},"6":{"start":{"line":16,"column":6},"end":{"line":16,"column":null}},"7":{"start":{"line":17,"column":6},"end":{"line":23,"column":null}},"8":{"start":{"line":18,"column":21},"end":{"line":18,"column":60}},"9":{"start":{"line":19,"column":8},"end":{"line":20,"column":null}},"10":{"start":{"line":20,"column":10},"end":{"line":20,"column":null}},"11":{"start":{"line":23,"column":8},"end":{"line":23,"column":null}},"12":{"start":{"line":26,"column":4},"end":{"line":26,"column":null}},"13":{"start":{"line":26,"column":17},"end":{"line":26,"column":30}},"14":{"start":{"line":29,"column":8},"end":{"line":42,"column":29}},"15":{"start":{"line":30,"column":4},"end":{"line":32,"column":null}},"16":{"start":{"line":31,"column":6},"end":{"line":31,"column":null}},"17":{"start":{"line":32,"column":6},"end":{"line":32,"column":null}},"18":{"start":{"line":35,"column":23},"end":{"line":35,"column":60}},"19":{"start":{"line":36,"column":22},"end":{"line":38,"column":41}},"20":{"start":{"line":37,"column":36},"end":{"line":37,"column":54}},"21":{"start":{"line":40,"column":4},"end":{"line":40,"column":null}},"22":{"start":{"line":41,"column":4},"end":{"line":41,"column":null}},"23":{"start":{"line":44,"column":17},"end":{"line":52,"column":null}},"24":{"start":{"line":54,"column":22},"end":{"line":54,"column":null}},"25":{"start":{"line":55,"column":26},"end":{"line":55,"column":82}},"26":{"start":{"line":57,"column":8},"end":{"line":77,"column":9}},"27":{"start":{"line":58,"column":4},"end":{"line":75,"column":null}},"28":{"start":{"line":59,"column":21},"end":{"line":59,"column":64}},"29":{"start":{"line":60,"column":25},"end":{"line":60,"column":72}},"30":{"start":{"line":61,"column":20},"end":{"line":61,"column":null}},"31":{"start":{"line":63,"column":27},"end":{"line":68,"column":null}},"32":{"start":{"line":70,"column":6},"end":{"line":70,"column":null}},"33":{"start":{"line":71,"column":6},"end":{"line":71,"column":null}},"34":{"start":{"line":73,"column":6},"end":{"line":73,"column":null}},"35":{"start":{"line":74,"column":6},"end":{"line":74,"column":null}},"36":{"start":{"line":75,"column":6},"end":{"line":75,"column":null}},"37":{"start":{"line":79,"column":2},"end":{"line":118,"column":null}},"38":{"start":{"line":101,"column":29},"end":{"line":101,"column":63}},"39":{"start":{"line":102,"column":10},"end":{"line":115,"column":null}},"40":{"start":{"line":109,"column":65},"end":{"line":109,"column":91}},"41":{"start":{"line":110,"column":65},"end":{"line":110,"column":86}}},"fnMap":{"0":{"name":"(anonymous_0)","decl":{"start":{"line":9,"column":6},"end":{"line":9,"column":23}},"loc":{"start":{"line":9,"column":23},"end":{"line":118,"column":null}},"line":9},"1":{"name":"(anonymous_1)","decl":{"start":{"line":14,"column":2},"end":{"line":14,"column":18}},"loc":{"start":{"line":14,"column":18},"end":{"line":27,"column":7}},"line":14},"2":{"name":"(anonymous_2)","decl":{"start":{"line":15,"column":49},"end":{"line":15,"column":56}},"loc":{"start":{"line":15,"column":72},"end":{"line":25,"column":null}},"line":15},"3":{"name":"(anonymous_3)","decl":{"start":{"line":26,"column":4},"end":{"line":26,"column":17}},"loc":{"start":{"line":26,"column":17},"end":{"line":26,"column":30}},"line":26},"4":{"name":"(anonymous_4)","decl":{"start":{"line":29,"column":22},"end":{"line":29,"column":35}},"loc":{"start":{"line":29,"column":51},"end":{"line":42,"column":6}},"line":29},"5":{"name":"(anonymous_5)","decl":{"start":{"line":37,"column":24},"end":{"line":37,"column":31}},"loc":{"start":{"line":37,"column":36},"end":{"line":37,"column":54}},"line":37},"6":{"name":"(anonymous_6)","decl":{"start":{"line":57,"column":42},"end":{"line":57,"column":49}},"loc":{"start":{"line":57,"column":59},"end":{"line":77,"column":6}},"line":57},"7":{"name":"(anonymous_7)","decl":{"start":{"line":100,"column":16},"end":{"line":100,"column":20}},"loc":{"start":{"line":100,"column":29},"end":{"line":115,"column":null}},"line":100},"8":{"name":"(anonymous_8)","decl":{"start":{"line":109,"column":50},"end":{"line":109,"column":65}},"loc":{"start":{"line":109,"column":65},"end":{"line":109,"column":91}},"line":109},"9":{"name":"(anonymous_9)","decl":{"start":{"line":110,"column":50},"end":{"line":110,"column":65}},"loc":{"start":{"line":110,"column":65},"end":{"line":110,"column":86}},"line":110}},"branchMap":{"0":{"loc":{"start":{"line":17,"column":6},"end":{"line":23,"column":null}},"type":"if","locations":[{"start":{"line":17,"column":6},"end":{"line":23,"column":null}},{"start":{"line":22,"column":13},"end":{"line":23,"column":null}}],"line":17},"1":{"loc":{"start":{"line":19,"column":8},"end":{"line":20,"column":null}},"type":"if","locations":[{"start":{"line":19,"column":8},"end":{"line":20,"column":null}},{"start":{},"end":{}}],"line":19},"2":{"loc":{"start":{"line":19,"column":12},"end":{"line":19,"column":42}},"type":"binary-expr","locations":[{"start":{"line":19,"column":12},"end":{"line":19,"column":20}},{"start":{"line":19,"column":20},"end":{"line":19,"column":42}}],"line":19},"3":{"loc":{"start":{"line":30,"column":4},"end":{"line":32,"column":null}},"type":"if","locations":[{"start":{"line":30,"column":4},"end":{"line":32,"column":null}},{"start":{},"end":{}}],"line":30},"4":{"loc":{"start":{"line":36,"column":22},"end":{"line":38,"column":41}},"type":"cond-expr","locations":[{"start":{"line":37,"column":8},"end":{"line":37,"column":54}},{"start":{"line":38,"column":8},"end":{"line":38,"column":41}}],"line":36},"5":{"loc":{"start":{"line":103,"column":74},"end":{"line":103,"column":107}},"type":"cond-expr","locations":[{"start":{"line":103,"column":87},"end":{"line":103,"column":101}},{"start":{"line":103,"column":101},"end":{"line":103,"column":107}}],"line":103},"6":{"loc":{"start":{"line":103,"column":124},"end":{"line":103,"column":145}},"type":"cond-expr","locations":[{"start":{"line":103,"column":137},"end":{"line":103,"column":143}},{"start":{"line":103,"column":143},"end":{"line":103,"column":145}}],"line":103},"7":{"loc":{"start":{"line":104,"column":64},"end":{"line":104,"column":111}},"type":"cond-expr","locations":[{"start":{"line":104,"column":77},"end":{"line":104,"column":89}},{"start":{"line":104,"column":89},"end":{"line":104,"column":111}}],"line":104},"8":{"loc":{"start":{"line":110,"column":152},"end":{"line":110,"column":204}},"type":"cond-expr","locations":[{"start":{"line":110,"column":165},"end":{"line":110,"column":181}},{"start":{"line":110,"column":181},"end":{"line":110,"column":204}}],"line":110},"9":{"loc":{"start":{"line":110,"column":212},"end":{"line":110,"column":255}},"type":"cond-expr","locations":[{"start":{"line":110,"column":225},"end":{"line":110,"column":247}},{"start":{"line":110,"column":247},"end":{"line":110,"column":255}}],"line":110},"10":{"loc":{"start":{"line":110,"column":262},"end":{"line":110,"column":295}},"type":"cond-expr","locations":[{"start":{"line":110,"column":275},"end":{"line":110,"column":287}},{"start":{"line":110,"column":287},"end":{"line":110,"column":295}}],"line":110},"11":{"loc":{"start":{"line":111,"column":21},"end":{"line":111,"column":null}},"type":"cond-expr","locations":[{"start":{"line":111,"column":34},"end":{"line":111,"column":59}},{"start":{"line":111,"column":62},"end":{"line":111,"column":null}}],"line":111}},"s":{"0":1,"1":2,"2":2,"3":2,"4":2,"5":1,"6":1,"7":1,"8":0,"9":0,"10":0,"11":1,"12":1,"13":1,"14":2,"15":0,"16":0,"17":0,"18":0,"19":0,"20":0,"21":0,"22":0,"23":2,"24":2,"25":2,"26":2,"27":0,"28":0,"29":0,"30":0,"31":0,"32":0,"33":0,"34":0,"35":0,"36":0,"37":2,"38":14,"39":14,"40":0,"41":0},"f":{"0":2,"1":1,"2":1,"3":1,"4":0,"5":0,"6":0,"7":14,"8":0,"9":0},"b":{"0":[0,1],"1":[0,0],"2":[0,0],"3":[0,0],"4":[0,0],"5":[0,14],"6":[0,14],"7":[0,14],"8":[0,14],"9":[0,14],"10":[0,14],"11":[0,14]},"meta":{"lastBranch":12,"lastFunction":10,"lastStatement":42,"seen":{"s:9:6:118:Infinity":0,"f:9:6:9:23":0,"s:10:10:10:32":1,"s:11:26:11:60":2,"s:12:15:12:40":3,"s:14:2:27:Infinity":4,"f:14:2:14:18":1,"s:15:10:25:Infinity":5,"f:15:49:15:56":2,"s:16:6:16:Infinity":6,"b:17:6:23:Infinity:22:13:23:Infinity":0,"s:17:6:23:Infinity":7,"s:18:21:18:60":8,"b:19:8:20:Infinity:undefined:undefined:undefined:undefined":1,"s:19:8:20:Infinity":9,"b:19:12:19:20:19:20:19:42":2,"s:20:10:20:Infinity":10,"s:23:8:23:Infinity":11,"s:26:4:26:Infinity":12,"f:26:4:26:17":3,"s:26:17:26:30":13,"s:29:8:42:29":14,"f:29:22:29:35":4,"b:30:4:32:Infinity:undefined:undefined:undefined:undefined":3,"s:30:4:32:Infinity":15,"s:31:6:31:Infinity":16,"s:32:6:32:Infinity":17,"s:35:23:35:60":18,"s:36:22:38:41":19,"b:37:8:37:54:38:8:38:41":4,"f:37:24:37:31":5,"s:37:36:37:54":20,"s:40:4:40:Infinity":21,"s:41:4:41:Infinity":22,"s:44:17:52:Infinity":23,"s:54:22:54:Infinity":24,"s:55:26:55:82":25,"s:57:8:77:9":26,"f:57:42:57:49":6,"s:58:4:75:Infinity":27,"s:59:21:59:64":28,"s:60:25:60:72":29,"s:61:20:61:Infinity":30,"s:63:27:68:Infinity":31,"s:70:6:70:Infinity":32,"s:71:6:71:Infinity":33,"s:73:6:73:Infinity":34,"s:74:6:74:Infinity":35,"s:75:6:75:Infinity":36,"s:79:2:118:Infinity":37,"f:100:16:100:20":7,"s:101:29:101:63":38,"s:102:10:115:Infinity":39,"b:103:87:103:101:103:101:103:107":5,"b:103:137:103:143:103:143:103:145":6,"b:104:77:104:89:104:89:104:111":7,"f:109:50:109:65":8,"s:109:65:109:91":40,"f:110:50:110:65":9,"s:110:65:110:86":41,"b:110:165:110:181:110:181:110:204":8,"b:110:225:110:247:110:247:110:255":9,"b:110:275:110:287:110:287:110:295":10,"b:111:34:111:59:111:62:111:Infinity":11}}}
,"E:\\Kartikey A Dhale\\Projects\\VoteGuide-AI\\src\\utils\\calendar.js": {"path":"E:\\Kartikey A Dhale\\Projects\\VoteGuide-AI\\src\\utils\\calendar.js","statementMap":{"0":{"start":{"line":4,"column":34},"end":{"line":38,"column":null}},"1":{"start":{"line":5,"column":16},"end":{"line":16,"column":null}},"2":{"start":{"line":18,"column":2},"end":{"line":38,"column":null}},"3":{"start":{"line":19,"column":21},"end":{"line":26,"column":6}},"4":{"start":{"line":28,"column":4},"end":{"line":34,"column":null}},"5":{"start":{"line":29,"column":19},"end":{"line":29,"column":40}},"6":{"start":{"line":30,"column":6},"end":{"line":30,"column":null}},"7":{"start":{"line":31,"column":6},"end":{"line":31,"column":null}},"8":{"start":{"line":33,"column":6},"end":{"line":33,"column":null}},"9":{"start":{"line":34,"column":6},"end":{"line":34,"column":null}},"10":{"start":{"line":37,"column":4},"end":{"line":37,"column":null}},"11":{"start":{"line":38,"column":4},"end":{"line":38,"column":null}}},"fnMap":{"0":{"name":"(anonymous_0)","decl":{"start":{"line":4,"column":34},"end":{"line":4,"column":41}},"loc":{"start":{"line":4,"column":71},"end":{"line":38,"column":null}},"line":4}},"branchMap":{"0":{"loc":{"start":{"line":28,"column":4},"end":{"line":34,"column":null}},"type":"if","locations":[{"start":{"line":28,"column":4},"end":{"line":34,"column":null}},{"start":{"line":32,"column":11},"end":{"line":34,"column":null}}],"line":28}},"s":{"0":1,"1":1,"2":1,"3":1,"4":1,"5":1,"6":1,"7":1,"8":0,"9":0,"10":0,"11":0},"f":{"0":1},"b":{"0":[1,0]},"meta":{"lastBranch":1,"lastFunction":1,"lastStatement":12,"seen":{"s:4:34:38:Infinity":0,"f:4:34:4:41":0,"s:5:16:16:Infinity":1,"s:18:2:38:Infinity":2,"s:19:21:26:6":3,"b:28:4:34:Infinity:32:11:34:Infinity":0,"s:28:4:34:Infinity":4,"s:29:19:29:40":5,"s:30:6:30:Infinity":6,"s:31:6:31:Infinity":7,"s:33:6:33:Infinity":8,"s:34:6:34:Infinity":9,"s:37:4:37:Infinity":10,"s:38:4:38:Infinity":11}}}
,"E:\\Kartikey A Dhale\\Projects\\VoteGuide-AI\\src\\utils\\db.js": {"path":"E:\\Kartikey A Dhale\\Projects\\VoteGuide-AI\\src\\utils\\db.js","statementMap":{"0":{"start":{"line":4,"column":32},"end":{"line":18,"column":null}},"1":{"start":{"line":5,"column":2},"end":{"line":18,"column":null}},"2":{"start":{"line":6,"column":10},"end":{"line":6,"column":43}},"3":{"start":{"line":7,"column":20},"end":{"line":7,"column":40}},"4":{"start":{"line":8,"column":4},"end":{"line":14,"column":null}},"5":{"start":{"line":9,"column":6},"end":{"line":9,"column":null}},"6":{"start":{"line":12,"column":26},"end":{"line":12,"column":null}},"7":{"start":{"line":13,"column":6},"end":{"line":13,"column":null}},"8":{"start":{"line":14,"column":6},"end":{"line":14,"column":null}},"9":{"start":{"line":17,"column":4},"end":{"line":17,"column":null}},"10":{"start":{"line":18,"column":4},"end":{"line":18,"column":null}},"11":{"start":{"line":22,"column":36},"end":{"line":27,"column":null}},"12":{"start":{"line":23,"column":2},"end":{"line":27,"column":null}},"13":{"start":{"line":24,"column":10},"end":{"line":24,"column":43}},"14":{"start":{"line":25,"column":4},"end":{"line":25,"column":null}},"15":{"start":{"line":27,"column":4},"end":{"line":27,"column":null}},"16":{"start":{"line":31,"column":36},"end":{"line":41,"column":null}},"17":{"start":{"line":32,"column":2},"end":{"line":41,"column":null}},"18":{"start":{"line":33,"column":10},"end":{"line":33,"column":43}},"19":{"start":{"line":34,"column":4},"end":{"line":39,"column":null}},"20":{"start":{"line":41,"column":4},"end":{"line":41,"column":null}}},"fnMap":{"0":{"name":"(anonymous_0)","decl":{"start":{"line":4,"column":32},"end":{"line":4,"column":39}},"loc":{"start":{"line":4,"column":50},"end":{"line":18,"column":null}},"line":4},"1":{"name":"(anonymous_1)","decl":{"start":{"line":22,"column":36},"end":{"line":22,"column":43}},"loc":{"start":{"line":22,"column":71},"end":{"line":27,"column":null}},"line":22},"2":{"name":"(anonymous_2)","decl":{"start":{"line":31,"column":36},"end":{"line":31,"column":43}},"loc":{"start":{"line":31,"column":107},"end":{"line":41,"column":null}},"line":31}},"branchMap":{"0":{"loc":{"start":{"line":8,"column":4},"end":{"line":14,"column":null}},"type":"if","locations":[{"start":{"line":8,"column":4},"end":{"line":14,"column":null}},{"start":{"line":10,"column":11},"end":{"line":14,"column":null}}],"line":8}},"s":{"0":1,"1":1,"2":1,"3":1,"4":1,"5":0,"6":1,"7":1,"8":1,"9":0,"10":0,"11":1,"12":1,"13":1,"14":1,"15":0,"16":1,"17":1,"18":1,"19":1,"20":0},"f":{"0":1,"1":1,"2":1},"b":{"0":[0,1]},"meta":{"lastBranch":1,"lastFunction":3,"lastStatement":21,"seen":{"s:4:32:18:Infinity":0,"f:4:32:4:39":0,"s:5:2:18:Infinity":1,"s:6:10:6:43":2,"s:7:20:7:40":3,"b:8:4:14:Infinity:10:11:14:Infinity":0,"s:8:4:14:Infinity":4,"s:9:6:9:Infinity":5,"s:12:26:12:Infinity":6,"s:13:6:13:Infinity":7,"s:14:6:14:Infinity":8,"s:17:4:17:Infinity":9,"s:18:4:18:Infinity":10,"s:22:36:27:Infinity":11,"f:22:36:22:43":1,"s:23:2:27:Infinity":12,"s:24:10:24:43":13,"s:25:4:25:Infinity":14,"s:27:4:27:Infinity":15,"s:31:36:41:Infinity":16,"f:31:36:31:43":2,"s:32:2:41:Infinity":17,"s:33:10:33:43":18,"s:34:4:39:Infinity":19,"s:41:4:41:Infinity":20}}}
}
